[02:00:51.712] Global cache location '/Users/magcho/Library/Caches/typescript/4.3', safe file path '/users/magcho/.fnm/node-versions/v14.17.1/installation/lib/node_modules/typescript/lib/typingsafelist.json', types map path /users/magcho/.fnm/node-versions/v14.17.1/installation/lib/node_modules/typescript/lib/typesmap.json
[02:00:51.713] Processing cache location '/Users/magcho/Library/Caches/typescript/4.3'
[02:00:51.713] Trying to find '/Users/magcho/Library/Caches/typescript/4.3/package.json'...
[02:00:51.720] Loaded content of '/Users/magcho/Library/Caches/typescript/4.3/package.json': {"private":true,"dependencies":{"types-registry":"^0.1.548"},"devDependencies":{"@types/accepts":"^1.3.5","@types/acorn":"^4.0.5","@types/argparse":"^2.0.8","@types/arr-diff":"^4.0.0","@types/arr-union":"^3.1.0","@types/array-unique":"^0.3.0","@types/assert":"^1.5.4","@types/async":"^3.2.6","@types/atob":"^2.1.2","@types/balanced-match":"^1.0.1","@types/big.js":"^6.1.1","@types/bindings":"^1.5.0","@types/bl":"^5.0.1","@types/bluebird":"^3.5.35","@types/bn.js":"^5.1.0","@types/boolbase":"^1.0.0","@types/brace-expansion":"^1.1.0","@types/braces":"^3.0.0","@types/brorand":"^1.0.30","@types/buffer-from":"^1.1.0","@types/buffer-json":"^2.0.0","@types/buffer-xor":"^2.0.0","@types/bytes":"^3.1.0","@types/cacache":"^15.0.0","@types/call-bind":"^1.0.0","@types/callsite":"^1.0.30","@types/caniuse-api":"^3.0.1","@types/caniuse-lite":"^1.0.0","@types/chardet":"^0.8.0","@types/chart.js":"^2.9.32","@types/chownr":"^1.0.0","@types/cipher-base":"^1.0.0","@types/clean-css":"^4.2.4","@types/cli-table":"^0.3.0","@types/clone":"^2.1.0","@types/clone-deep":"^4.0.1","@types/cloneable-readable":"^2.0.0","@types/color":"^3.0.1","@types/color-convert":"^2.0.0","@types/color-name":"^1.1.1","@types/color-string":"^1.5.0","@types/commondir":"^1.0.0","@types/component-emitter":"^1.2.10","@types/compressible":"^2.0.0","@types/compression":"^1.7.0","@types/concat-map":"^0.0.0","@types/concat-stream":"^1.6.0","@types/connect":"^3.4.34","@types/consolidate":"^0.14.0","@types/convert-source-map":"^1.5.1","@types/cookie":"^0.4.0","@types/core-js":"^2.5.4","@types/crc":"^3.4.0","@types/create-hash":"^1.2.2","@types/create-hmac":"^1.1.0","@types/cross-spawn":"^6.0.2","@types/css-declaration-sorter":"^6.0.0","@types/css-tree":"^1.0.5","@types/cssesc":"^3.0.0","@types/cssnano":"^4.0.0","@types/csso":"^3.5.1","@types/cuint":"^0.2.1","@types/d":"^1.0.0","@types/dateformat":"^3.0.1","@types/debug":"^4.1.5","@types/decode-uri-component":"^0.2.0","@types/deep-extend":"^0.4.31","@types/define-properties":"^1.1.3","@types/depd":"^1.1.32","@types/destroy":"^1.0.0","@types/diff":"^5.0.0","@types/diffie-hellman":"^5.0.0","@types/dir-glob":"^2.0.0","@types/domutils":"^1.7.3","@types/duplexer3":"^0.1.0","@types/duplexify":"^3.6.0","@types/ee-first":"^1.1.0","@types/ejs":"^3.0.6","@types/elliptic":"^6.4.12","@types/encodeurl":"^1.0.0","@types/end-of-stream":"^1.4.0","@types/enhanced-resolve":"^3.0.6","@types/envinfo":"^7.8.0","@types/es-abstract":"^1.17.2","@types/es-to-primitive":"^1.2.4","@types/escape-html":"^1.0.1","@types/eslint-scope":"^3.7.0","@types/esprima":"^4.0.2","@types/estraverse":"^5.1.0","@types/etag":"^1.8.0","@types/event-stream":"^3.3.34","@types/events":"^3.0.0","@types/exit":"^0.1.31","@types/extend":"^3.0.1","@types/fast-text-encoding":"^1.0.1","@types/file-loader":"^5.0.0","@types/finalhandler":"^1.1.0","@types/find-cache-dir":"^3.2.0","@types/flat":"^5.0.1","@types/fluent-ffmpeg":"^2.1.17","@types/flush-write-stream":"^1.0.0","@types/follow-redirects":"^1.13.0","@types/fresh":"^0.5.0","@types/from":"^0.1.29","@types/from2":"^2.3.0","@types/fs-extra":"^9.0.11","@types/function-bind":"^1.1.6","@types/get-intrinsic":"^1.0.0","@types/get-value":"^3.0.1","@types/git-config-path":"^2.0.1","@types/git-url-parse":"^9.0.0","@types/glob":"^7.1.3","@types/glob-parent":"^5.1.0","@types/glob-to-regexp":"^0.4.0","@types/got":"^9.6.11","@types/graceful-fs":"^4.1.5","@types/hard-source-webpack-plugin":"^1.0.2","@types/has":"^1.0.0","@types/has-ansi":"^5.0.0","@types/has-symbols":"^1.0.0","@types/hash-sum":"^1.0.0","@types/he":"^1.1.1","@types/hex-color-regex":"^1.1.0","@types/hosted-git-info":"^3.0.1","@types/html-minifier":"^4.0.0","@types/html-minifier-terser":"^5.1.1","@types/htmlparser2":"^3.10.2","@types/http-errors":"^1.8.0","@types/http-proxy":"^1.17.6","@types/icss-utils":"^4.1.0","@types/iferr":"^1.0.2","@types/imurmurhash":"^0.1.1","@types/inherits":"^0.0.30","@types/ini":"^1.3.30","@types/inquirer":"^7.3.2","@types/interpret":"^1.1.1","@types/ip":"^1.1.0","@types/is-buffer":"^2.0.0","@types/is-callable":"^1.1.0","@types/is-core-module":"^2.2.0","@types/is-date-object":"^1.0.1","@types/is-glob":"^4.0.1","@types/is-number":"^7.0.1","@types/is-regex":"^1.0.0","@types/is-ssh":"^1.3.0","@types/is-typedarray":"^1.0.0","@types/is-utf8":"^0.2.0","@types/is-windows":"^1.0.0","@types/isarray":"^2.0.0","@types/isexe":"^2.0.0","@types/istextorbinary":"^2.3.0","@types/jake":"^0.0.32","@types/js-yaml":"^4.0.1","@types/jsesc":"^3.0.0","@types/json-bigint":"^1.0.0","@types/json-parse-better-errors":"^1.0.0","@types/jsonfile":"^6.0.0","@types/jws":"^3.2.3","@types/kind-of":"^6.0.0","@types/loader-runner":"^2.2.3","@types/loader-utils":"^2.0.2","@types/lodash":"^4.14.170","@types/lodash.assign":"^4.2.6","@types/lodash.camelcase":"^4.3.6","@types/lodash.debounce":"^4.0.6","@types/lodash.difference":"^4.5.6","@types/lodash.kebabcase":"^4.1.6","@types/lodash.memoize":"^4.1.6","@types/lodash.template":"^4.5.0","@types/lodash.uniq":"^4.5.6","@types/long":"^4.0.1","@types/lru-cache":"^5.1.0","@types/mem-fs":"^1.1.2","@types/mem-fs-editor":"^7.0.0","@types/memory-fs":"^0.3.3","@types/merge-stream":"^1.1.2","@types/merge2":"^1.3.0","@types/micromatch":"^4.0.1","@types/mime":"^2.0.3","@types/mime-db":"^1.43.0","@types/mime-types":"^2.1.0","@types/minimalistic-assert":"^1.0.1","@types/minimatch":"^3.0.4","@types/minimist":"^1.2.1","@types/minipass":"^2.2.0","@types/minizlib":"^2.1.1","@types/mkdirp":"^1.0.1","@types/moment-locales-webpack-plugin":"^1.2.1","@types/move-concurrently":"^1.0.2","@types/ms":"^0.7.31","@types/mustache":"^4.1.1","@types/mute-stream":"^0.0.0","@types/negotiator":"^0.6.1","@types/next-tick":"^1.0.0","@types/nice-try":"^2.1.0","@types/node-fetch":"^2.5.10","@types/node-forge":"^0.10.0","@types/normalize-package-data":"^2.4.0","@types/normalize-path":"^3.0.0","@types/num2fraction":"^1.2.0","@types/object-assign":"^4.0.30","@types/object-inspect":"^1.8.0","@types/object-keys":"^1.0.1","@types/object.getownpropertydescriptors":"^2.1.1","@types/object.pick":"^1.3.1","@types/on-finished":"^2.3.1","@types/on-headers":"^1.0.0","@types/once":"^1.4.0","@types/opener":"^1.4.0","@types/optimize-css-assets-webpack-plugin":"^5.0.3","@types/os-tmpdir":"^1.0.0","@types/pako":"^1.0.1","@types/parallel-transform":"^1.1.0","@types/parse-git-config":"^3.0.0","@types/parse-json":"^4.0.0","@types/parse-path":"^4.0.1","@types/parseurl":"^1.3.1","@types/pascalcase":"^1.0.0","@types/path-is-absolute":"^1.0.0","@types/path-parse":"^1.0.19","@types/pbkdf2":"^3.1.0","@types/picomatch":"^2.2.4","@types/pify":"^5.0.0","@types/postcss-calc":"^7.0.0","@types/postcss-custom-properties":"^9.1.0","@types/postcss-focus-within":"^4.0.0","@types/postcss-gap-properties":"^2.0.0","@types/postcss-import":"^12.0.0","@types/postcss-modules-extract-imports":"^2.0.0","@types/postcss-modules-local-by-default":"^1.2.0","@types/postcss-modules-scope":"^1.1.0","@types/postcss-modules-values":"^3.0.0","@types/postcss-preset-env":"^6.7.2","@types/postcss-url":"^8.0.1","@types/prettier":"^2.3.0","@types/pretty-time":"^1.1.0","@types/promise-inflight":"^1.0.0","@types/promise-polyfill":"^6.0.3","@types/proper-lockfile":"^4.1.1","@types/protocols":"^1.4.0","@types/pump":"^1.1.1","@types/pumpify":"^1.4.1","@types/punycode":"^2.1.0","@types/q":"^1.5.4","@types/qs":"^6.9.6","@types/randombytes":"^2.0.0","@types/range-parser":"^1.2.3","@types/readable-stream":"^2.3.10","@types/rechoir":"^0.6.1","@types/regenerate":"^1.4.0","@types/regenerator-runtime":"^0.13.0","@types/relateurl":"^0.2.28","@types/repeat-element":"^1.1.0","@types/repeat-string":"^1.6.0","@types/replace-ext":"^2.0.0","@types/requires-port":"^1.0.0","@types/resolve":"^1.20.0","@types/retry":"^0.12.0","@types/rimraf":"^3.0.0","@types/ripemd160":"^2.0.0","@types/run-parallel":"^1.1.0","@types/safe-regex":"^1.1.2","@types/safer-buffer":"^2.1.0","@types/sass":"^1.16.0","@types/sass-loader":"^8.0.1","@types/sax":"^1.2.1","@types/sdp-transform":"^2.4.4","@types/semver":"^7.3.6","@types/send":"^0.17.0","@types/serialize-javascript":"^5.0.0","@types/serve-static":"^1.13.9","@types/server-destroy":"^1.0.1","@types/set-value":"^4.0.0","@types/setimmediate":"^1.0.2","@types/sha.js":"^2.4.0","@types/shebang-command":"^1.2.0","@types/shell-quote":"^1.7.0","@types/shelljs":"^0.8.8","@types/signal-exit":"^3.0.0","@types/source-list-map":"^0.1.2","@types/source-map-support":"^0.5.3","@types/spdx-correct":"^2.0.0","@types/spdx-expression-parse":"^3.0.0","@types/split":"^1.0.0","@types/sprintf":"^0.1.0","@types/sprintf-js":"^1.1.2","@types/ssri":"^7.1.0","@types/stack-trace":"^0.0.29","@types/statuses":"^2.0.0","@types/stream-each":"^1.2.0","@types/stream-shift":"^1.0.0","@types/strict-uri-encode":"^2.0.0","@types/string-template":"^1.0.2","@types/strip-final-newline":"^3.0.0","@types/supports-color":"^8.1.0","@types/svg-tags":"^1.0.0","@types/svgo":"^2.3.0","@types/tapable":"^2.2.2","@types/tar":"^4.0.4","@types/tar-fs":"^2.0.0","@types/tar-stream":"^2.2.0","@types/terser-webpack-plugin":"^5.0.3","@types/text-table":"^0.2.1","@types/textextensions":"^2.4.0","@types/through":"^0.0.30","@types/through2":"^2.0.36","@types/timsort":"^0.3.0","@types/tmp":"^0.2.0","@types/ua-parser-js":"^0.7.36","@types/uglify-js":"^3.13.0","@types/uniq":"^0.0.27","@types/universalify":"^1.0.0","@types/urix":"^0.1.0","@types/utf-8-validate":"^5.0.0","@types/util-deprecate":"^1.0.0","@types/util.promisify":"^1.0.4","@types/utils-merge":"^0.0.28","@types/uuid":"^8.3.0","@types/validate-npm-package-license":"^3.0.0","@types/vary":"^1.1.0","@types/vinyl":"^2.0.4","@types/vinyl-file":"^3.0.1","@types/watchpack":"^1.1.6","@types/webpack":"^5.28.0","@types/webpack-bundle-analyzer":"^4.4.0","@types/webpack-dev-middleware":"^5.0.0","@types/webpack-hot-middleware":"^2.25.4","@types/webpack-node-externals":"^2.5.1","@types/webpack-sources":"^2.1.0","@types/webpackbar":"^4.0.1","@types/websocket":"^1.0.2","@types/which":"^2.0.0","@types/wrap-ansi":"^8.0.0","@types/write-file-atomic":"^3.0.1","@types/ws":"^7.4.5","@types/xtend":"^4.0.3","@types/xxhashjs":"^0.2.2","@types/yaeti":"^1.0.0","@types/yallist":"^4.0.0","@types/yeoman-environment":"^2.10.3","@types/yeoman-generator":"^5.0.0"}}
[02:00:51.720] Loaded content of '/Users/magcho/Library/Caches/typescript/4.3/package-lock.json'
[02:00:51.730] Adding entry into typings cache: 'accepts' => '/Users/magcho/Library/Caches/typescript/4.3/node_modules/@types/accepts/index.d.ts'
[02:00:51.733] Adding entry into typings cache: 'acorn' => '/Users/magcho/Library/Caches/typescript/4.3/node_modules/acorn/dist/acorn.d.ts'
[02:00:51.735] Adding entry into typings cache: 'argparse' => '/Users/magcho/Library/Caches/typescript/4.3/node_modules/@types/argparse/index.d.ts'
[02:00:51.740] Adding entry into typings cache: 'arr-diff' => '/Users/magcho/Library/Caches/typescript/4.3/node_modules/@types/arr-diff/index.d.ts'
[02:00:51.746] Adding entry into typings cache: 'arr-union' => '/Users/magcho/Library/Caches/typescript/4.3/node_modules/@types/arr-union/index.d.ts'
[02:00:51.749] Adding entry into typings cache: 'array-unique' => '/Users/magcho/Library/Caches/typescript/4.3/node_modules/@types/array-unique/index.d.ts'
[02:00:51.753] Adding entry into typings cache: 'assert' => '/Users/magcho/Library/Caches/typescript/4.3/node_modules/@types/assert/index.d.ts'
[02:00:51.756] Adding entry into typings cache: 'async' => '/Users/magcho/Library/Caches/typescript/4.3/node_modules/@types/async/index.d.ts'
[02:00:51.760] Adding entry into typings cache: 'atob' => '/Users/magcho/Library/Caches/typescript/4.3/node_modules/@types/atob/index.d.ts'
[02:00:51.761] Adding entry into typings cache: 'balanced-match' => '/Users/magcho/Library/Caches/typescript/4.3/node_modules/@types/balanced-match/index.d.ts'
[02:00:51.764] Adding entry into typings cache: 'big.js' => '/Users/magcho/Library/Caches/typescript/4.3/node_modules/@types/big.js/index.d.ts'
[02:00:51.767] Adding entry into typings cache: 'bindings' => '/Users/magcho/Library/Caches/typescript/4.3/node_modules/@types/bindings/index.d.ts'
[02:00:51.769] Adding entry into typings cache: 'bl' => '/Users/magcho/Library/Caches/typescript/4.3/node_modules/@types/bl/index.d.ts'
[02:00:51.771] Adding entry into typings cache: 'bluebird' => '/Users/magcho/Library/Caches/typescript/4.3/node_modules/@types/bluebird/index.d.ts'
[02:00:51.774] Adding entry into typings cache: 'bn.js' => '/Users/magcho/Library/Caches/typescript/4.3/node_modules/@types/bn.js/index.d.ts'
[02:00:51.779] Adding entry into typings cache: 'boolbase' => '/Users/magcho/Library/Caches/typescript/4.3/node_modules/@types/boolbase/index.d.ts'
[02:00:51.781] Adding entry into typings cache: 'brace-expansion' => '/Users/magcho/Library/Caches/typescript/4.3/node_modules/@types/brace-expansion/index.d.ts'
[02:00:51.785] Adding entry into typings cache: 'braces' => '/Users/magcho/Library/Caches/typescript/4.3/node_modules/@types/braces/index.d.ts'
[02:00:51.787] Adding entry into typings cache: 'brorand' => '/Users/magcho/Library/Caches/typescript/4.3/node_modules/@types/brorand/index.d.ts'
[02:00:51.792] Adding entry into typings cache: 'buffer-from' => '/Users/magcho/Library/Caches/typescript/4.3/node_modules/@types/buffer-from/index.d.ts'
[02:00:51.794] Adding entry into typings cache: 'buffer-json' => '/Users/magcho/Library/Caches/typescript/4.3/node_modules/@types/buffer-json/index.d.ts'
[02:00:51.796] Adding entry into typings cache: 'buffer-xor' => '/Users/magcho/Library/Caches/typescript/4.3/node_modules/@types/buffer-xor/index.d.ts'
[02:00:51.798] Adding entry into typings cache: 'bytes' => '/Users/magcho/Library/Caches/typescript/4.3/node_modules/@types/bytes/index.d.ts'
[02:00:51.801] Adding entry into typings cache: 'cacache' => '/Users/magcho/Library/Caches/typescript/4.3/node_modules/@types/cacache/index.d.ts'
[02:00:51.803] Adding entry into typings cache: 'call-bind' => '/Users/magcho/Library/Caches/typescript/4.3/node_modules/@types/call-bind/index.d.ts'
[02:00:51.805] Adding entry into typings cache: 'callsite' => '/Users/magcho/Library/Caches/typescript/4.3/node_modules/@types/callsite/index.d.ts'
[02:00:51.806] Adding entry into typings cache: 'caniuse-api' => '/Users/magcho/Library/Caches/typescript/4.3/node_modules/@types/caniuse-api/index.d.ts'
[02:00:51.809] Adding entry into typings cache: 'caniuse-lite' => '/Users/magcho/Library/Caches/typescript/4.3/node_modules/@types/caniuse-lite/index.d.ts'
[02:00:51.811] Adding entry into typings cache: 'chardet' => '/Users/magcho/Library/Caches/typescript/4.3/node_modules/@types/chardet/index.d.ts'
[02:00:51.814] Adding entry into typings cache: 'chart.js' => '/Users/magcho/Library/Caches/typescript/4.3/node_modules/@types/chart.js/index.d.ts'
[02:00:51.816] Adding entry into typings cache: 'chownr' => '/Users/magcho/Library/Caches/typescript/4.3/node_modules/@types/chownr/index.d.ts'
[02:00:51.817] Adding entry into typings cache: 'cipher-base' => '/Users/magcho/Library/Caches/typescript/4.3/node_modules/@types/cipher-base/index.d.ts'
[02:00:51.818] Adding entry into typings cache: 'clean-css' => '/Users/magcho/Library/Caches/typescript/4.3/node_modules/@types/clean-css/index.d.ts'
[02:00:51.820] Adding entry into typings cache: 'cli-table' => '/Users/magcho/Library/Caches/typescript/4.3/node_modules/@types/cli-table/index.d.ts'
[02:00:51.821] Adding entry into typings cache: 'clone' => '/Users/magcho/Library/Caches/typescript/4.3/node_modules/@types/clone/index.d.ts'
[02:00:51.822] Adding entry into typings cache: 'clone-deep' => '/Users/magcho/Library/Caches/typescript/4.3/node_modules/@types/clone-deep/index.d.ts'
[02:00:51.824] Adding entry into typings cache: 'cloneable-readable' => '/Users/magcho/Library/Caches/typescript/4.3/node_modules/@types/cloneable-readable/index.d.ts'
[02:00:51.825] Adding entry into typings cache: 'color' => '/Users/magcho/Library/Caches/typescript/4.3/node_modules/@types/color/index.d.ts'
[02:00:51.829] Adding entry into typings cache: 'color-convert' => '/Users/magcho/Library/Caches/typescript/4.3/node_modules/@types/color-convert/index.d.ts'
[02:00:51.832] Adding entry into typings cache: 'color-name' => '/Users/magcho/Library/Caches/typescript/4.3/node_modules/@types/color-name/index.d.ts'
[02:00:51.833] Adding entry into typings cache: 'color-string' => '/Users/magcho/Library/Caches/typescript/4.3/node_modules/@types/color-string/index.d.ts'
[02:00:51.834] Adding entry into typings cache: 'commondir' => '/Users/magcho/Library/Caches/typescript/4.3/node_modules/@types/commondir/index.d.ts'
[02:00:51.837] Adding entry into typings cache: 'component-emitter' => '/Users/magcho/Library/Caches/typescript/4.3/node_modules/@types/component-emitter/index.d.ts'
[02:00:51.839] Adding entry into typings cache: 'compressible' => '/Users/magcho/Library/Caches/typescript/4.3/node_modules/@types/compressible/index.d.ts'
[02:00:51.840] Adding entry into typings cache: 'compression' => '/Users/magcho/Library/Caches/typescript/4.3/node_modules/@types/compression/index.d.ts'
[02:00:51.842] Adding entry into typings cache: 'concat-map' => '/Users/magcho/Library/Caches/typescript/4.3/node_modules/@types/concat-map/index.d.ts'
[02:00:51.843] Adding entry into typings cache: 'concat-stream' => '/Users/magcho/Library/Caches/typescript/4.3/node_modules/@types/concat-stream/index.d.ts'
[02:00:51.845] Adding entry into typings cache: 'connect' => '/Users/magcho/Library/Caches/typescript/4.3/node_modules/@types/connect/index.d.ts'
[02:00:51.847] Adding entry into typings cache: 'consolidate' => '/Users/magcho/Library/Caches/typescript/4.3/node_modules/@types/consolidate/index.d.ts'
[02:00:51.848] Adding entry into typings cache: 'convert-source-map' => '/Users/magcho/Library/Caches/typescript/4.3/node_modules/@types/convert-source-map/index.d.ts'
[02:00:51.850] Adding entry into typings cache: 'cookie' => '/Users/magcho/Library/Caches/typescript/4.3/node_modules/@types/cookie/index.d.ts'
[02:00:51.852] Adding entry into typings cache: 'core-js' => '/Users/magcho/Library/Caches/typescript/4.3/node_modules/@types/core-js/index.d.ts'
[02:00:51.875] Adding entry into typings cache: 'crc' => '/Users/magcho/Library/Caches/typescript/4.3/node_modules/@types/crc/index.d.ts'
[02:00:51.877] Adding entry into typings cache: 'create-hash' => '/Users/magcho/Library/Caches/typescript/4.3/node_modules/@types/create-hash/index.d.ts'
[02:00:51.879] Adding entry into typings cache: 'create-hmac' => '/Users/magcho/Library/Caches/typescript/4.3/node_modules/@types/create-hmac/index.d.ts'
[02:00:51.881] Adding entry into typings cache: 'cross-spawn' => '/Users/magcho/Library/Caches/typescript/4.3/node_modules/@types/cross-spawn/index.d.ts'
[02:00:51.882] Adding entry into typings cache: 'css-declaration-sorter' => '/Users/magcho/Library/Caches/typescript/4.3/node_modules/@types/css-declaration-sorter/index.d.ts'
[02:00:51.884] Adding entry into typings cache: 'css-tree' => '/Users/magcho/Library/Caches/typescript/4.3/node_modules/@types/css-tree/index.d.ts'
[02:00:51.885] Adding entry into typings cache: 'cssesc' => '/Users/magcho/Library/Caches/typescript/4.3/node_modules/@types/cssesc/index.d.ts'
[02:00:51.888] Adding entry into typings cache: 'cssnano' => '/Users/magcho/Library/Caches/typescript/4.3/node_modules/@types/cssnano/index.d.ts'
[02:00:51.889] Adding entry into typings cache: 'csso' => '/Users/magcho/Library/Caches/typescript/4.3/node_modules/@types/csso/index.d.ts'
[02:00:51.891] Adding entry into typings cache: 'cuint' => '/Users/magcho/Library/Caches/typescript/4.3/node_modules/@types/cuint/index.d.ts'
[02:00:51.893] Adding entry into typings cache: 'd' => '/Users/magcho/Library/Caches/typescript/4.3/node_modules/@types/d/index.d.ts'
[02:00:51.894] Adding entry into typings cache: 'dateformat' => '/Users/magcho/Library/Caches/typescript/4.3/node_modules/@types/dateformat/index.d.ts'
[02:00:51.898] Adding entry into typings cache: 'debug' => '/Users/magcho/Library/Caches/typescript/4.3/node_modules/@types/debug/index.d.ts'
[02:00:51.901] Adding entry into typings cache: 'decode-uri-component' => '/Users/magcho/Library/Caches/typescript/4.3/node_modules/@types/decode-uri-component/index.d.ts'
[02:00:51.902] Adding entry into typings cache: 'deep-extend' => '/Users/magcho/Library/Caches/typescript/4.3/node_modules/@types/deep-extend/index.d.ts'
[02:00:51.904] Adding entry into typings cache: 'define-properties' => '/Users/magcho/Library/Caches/typescript/4.3/node_modules/@types/define-properties/index.d.ts'
[02:00:51.905] Adding entry into typings cache: 'depd' => '/Users/magcho/Library/Caches/typescript/4.3/node_modules/@types/depd/index.d.ts'
[02:00:51.906] Adding entry into typings cache: 'destroy' => '/Users/magcho/Library/Caches/typescript/4.3/node_modules/@types/destroy/index.d.ts'
[02:00:51.908] Adding entry into typings cache: 'diff' => '/Users/magcho/Library/Caches/typescript/4.3/node_modules/@types/diff/index.d.ts'
[02:00:51.909] Adding entry into typings cache: 'diffie-hellman' => '/Users/magcho/Library/Caches/typescript/4.3/node_modules/@types/diffie-hellman/index.d.ts'
[02:00:51.911] Adding entry into typings cache: 'dir-glob' => '/Users/magcho/Library/Caches/typescript/4.3/node_modules/@types/dir-glob/index.d.ts'
[02:00:51.912] Adding entry into typings cache: 'domutils' => '/Users/magcho/Library/Caches/typescript/4.3/node_modules/@types/domutils/index.d.ts'
[02:00:51.914] Adding entry into typings cache: 'duplexer3' => '/Users/magcho/Library/Caches/typescript/4.3/node_modules/@types/duplexer3/index.d.ts'
[02:00:51.915] Adding entry into typings cache: 'duplexify' => '/Users/magcho/Library/Caches/typescript/4.3/node_modules/@types/duplexify/index.d.ts'
[02:00:51.917] Adding entry into typings cache: 'ee-first' => '/Users/magcho/Library/Caches/typescript/4.3/node_modules/@types/ee-first/index.d.ts'
[02:00:51.918] Adding entry into typings cache: 'ejs' => '/Users/magcho/Library/Caches/typescript/4.3/node_modules/@types/ejs/index.d.ts'
[02:00:51.919] Adding entry into typings cache: 'elliptic' => '/Users/magcho/Library/Caches/typescript/4.3/node_modules/@types/elliptic/index.d.ts'
[02:00:51.921] Adding entry into typings cache: 'encodeurl' => '/Users/magcho/Library/Caches/typescript/4.3/node_modules/@types/encodeurl/index.d.ts'
[02:00:51.923] Adding entry into typings cache: 'end-of-stream' => '/Users/magcho/Library/Caches/typescript/4.3/node_modules/@types/end-of-stream/index.d.ts'
[02:00:51.925] Adding entry into typings cache: 'enhanced-resolve' => '/Users/magcho/Library/Caches/typescript/4.3/node_modules/enhanced-resolve/types.d.ts'
[02:00:51.926] Adding entry into typings cache: 'envinfo' => '/Users/magcho/Library/Caches/typescript/4.3/node_modules/@types/envinfo/index.d.ts'
[02:00:51.928] Adding entry into typings cache: 'es-abstract' => '/Users/magcho/Library/Caches/typescript/4.3/node_modules/@types/es-abstract/index.d.ts'
[02:00:51.929] Adding entry into typings cache: 'es-to-primitive' => '/Users/magcho/Library/Caches/typescript/4.3/node_modules/@types/es-to-primitive/index.d.ts'
[02:00:51.931] Adding entry into typings cache: 'escape-html' => '/Users/magcho/Library/Caches/typescript/4.3/node_modules/@types/escape-html/index.d.ts'
[02:00:51.933] Adding entry into typings cache: 'eslint-scope' => '/Users/magcho/Library/Caches/typescript/4.3/node_modules/@types/eslint-scope/index.d.ts'
[02:00:51.934] Adding entry into typings cache: 'esprima' => '/Users/magcho/Library/Caches/typescript/4.3/node_modules/@types/esprima/index.d.ts'
[02:00:51.937] Adding entry into typings cache: 'estraverse' => '/Users/magcho/Library/Caches/typescript/4.3/node_modules/@types/estraverse/index.d.ts'
[02:00:51.938] Adding entry into typings cache: 'etag' => '/Users/magcho/Library/Caches/typescript/4.3/node_modules/@types/etag/index.d.ts'
[02:00:51.939] Adding entry into typings cache: 'event-stream' => '/Users/magcho/Library/Caches/typescript/4.3/node_modules/@types/event-stream/index.d.ts'
[02:00:51.941] Adding entry into typings cache: 'events' => '/Users/magcho/Library/Caches/typescript/4.3/node_modules/@types/events/index.d.ts'
[02:00:51.943] Adding entry into typings cache: 'exit' => '/Users/magcho/Library/Caches/typescript/4.3/node_modules/@types/exit/index.d.ts'
[02:00:51.944] Adding entry into typings cache: 'extend' => '/Users/magcho/Library/Caches/typescript/4.3/node_modules/@types/extend/index.d.ts'
[02:00:51.945] Adding entry into typings cache: 'fast-text-encoding' => '/Users/magcho/Library/Caches/typescript/4.3/node_modules/@types/fast-text-encoding/index.d.ts'
[02:00:51.947] Adding entry into typings cache: 'file-loader' => '/Users/magcho/Library/Caches/typescript/4.3/node_modules/@types/file-loader/index.d.ts'
[02:00:51.949] Adding entry into typings cache: 'finalhandler' => '/Users/magcho/Library/Caches/typescript/4.3/node_modules/@types/finalhandler/index.d.ts'
[02:00:51.950] Adding entry into typings cache: 'find-cache-dir' => '/Users/magcho/Library/Caches/typescript/4.3/node_modules/@types/find-cache-dir/index.d.ts'
[02:00:51.952] Adding entry into typings cache: 'flat' => '/Users/magcho/Library/Caches/typescript/4.3/node_modules/@types/flat/index.d.ts'
[02:00:51.954] Adding entry into typings cache: 'fluent-ffmpeg' => '/Users/magcho/Library/Caches/typescript/4.3/node_modules/@types/fluent-ffmpeg/index.d.ts'
[02:00:51.955] Adding entry into typings cache: 'flush-write-stream' => '/Users/magcho/Library/Caches/typescript/4.3/node_modules/@types/flush-write-stream/index.d.ts'
[02:00:51.957] Adding entry into typings cache: 'follow-redirects' => '/Users/magcho/Library/Caches/typescript/4.3/node_modules/@types/follow-redirects/index.d.ts'
[02:00:51.958] Adding entry into typings cache: 'fresh' => '/Users/magcho/Library/Caches/typescript/4.3/node_modules/@types/fresh/index.d.ts'
[02:00:51.960] Adding entry into typings cache: 'from' => '/Users/magcho/Library/Caches/typescript/4.3/node_modules/@types/from/index.d.ts'
[02:00:51.961] Adding entry into typings cache: 'from2' => '/Users/magcho/Library/Caches/typescript/4.3/node_modules/@types/from2/index.d.ts'
[02:00:51.962] Adding entry into typings cache: 'fs-extra' => '/Users/magcho/Library/Caches/typescript/4.3/node_modules/@types/fs-extra/index.d.ts'
[02:00:51.964] Adding entry into typings cache: 'function-bind' => '/Users/magcho/Library/Caches/typescript/4.3/node_modules/@types/function-bind/index.d.ts'
[02:00:51.967] Adding entry into typings cache: 'get-intrinsic' => '/Users/magcho/Library/Caches/typescript/4.3/node_modules/@types/get-intrinsic/index.d.ts'
[02:00:51.969] Adding entry into typings cache: 'get-value' => '/Users/magcho/Library/Caches/typescript/4.3/node_modules/@types/get-value/index.d.ts'
[02:00:51.971] Adding entry into typings cache: 'git-config-path' => '/Users/magcho/Library/Caches/typescript/4.3/node_modules/@types/git-config-path/index.d.ts'
[02:00:51.972] Adding entry into typings cache: 'git-url-parse' => '/Users/magcho/Library/Caches/typescript/4.3/node_modules/@types/git-url-parse/index.d.ts'
[02:00:51.974] Adding entry into typings cache: 'glob' => '/Users/magcho/Library/Caches/typescript/4.3/node_modules/@types/glob/index.d.ts'
[02:00:51.977] Adding entry into typings cache: 'glob-parent' => '/Users/magcho/Library/Caches/typescript/4.3/node_modules/@types/glob-parent/index.d.ts'
[02:00:51.979] Adding entry into typings cache: 'glob-to-regexp' => '/Users/magcho/Library/Caches/typescript/4.3/node_modules/@types/glob-to-regexp/index.d.ts'
[02:00:51.981] Adding entry into typings cache: 'got' => '/Users/magcho/Library/Caches/typescript/4.3/node_modules/@types/got/index.d.ts'
[02:00:51.983] Adding entry into typings cache: 'graceful-fs' => '/Users/magcho/Library/Caches/typescript/4.3/node_modules/@types/graceful-fs/index.d.ts'
[02:00:51.984] Adding entry into typings cache: 'hard-source-webpack-plugin' => '/Users/magcho/Library/Caches/typescript/4.3/node_modules/@types/hard-source-webpack-plugin/index.d.ts'
[02:00:51.985] Adding entry into typings cache: 'has' => '/Users/magcho/Library/Caches/typescript/4.3/node_modules/@types/has/index.d.ts'
[02:00:51.986] Adding entry into typings cache: 'has-ansi' => '/Users/magcho/Library/Caches/typescript/4.3/node_modules/@types/has-ansi/index.d.ts'
[02:00:51.987] Adding entry into typings cache: 'has-symbols' => '/Users/magcho/Library/Caches/typescript/4.3/node_modules/@types/has-symbols/index.d.ts'
[02:00:51.989] Adding entry into typings cache: 'hash-sum' => '/Users/magcho/Library/Caches/typescript/4.3/node_modules/@types/hash-sum/index.d.ts'
[02:00:51.990] Adding entry into typings cache: 'he' => '/Users/magcho/Library/Caches/typescript/4.3/node_modules/@types/he/index.d.ts'
[02:00:51.992] Adding entry into typings cache: 'hex-color-regex' => '/Users/magcho/Library/Caches/typescript/4.3/node_modules/@types/hex-color-regex/index.d.ts'
[02:00:51.993] Adding entry into typings cache: 'hosted-git-info' => '/Users/magcho/Library/Caches/typescript/4.3/node_modules/@types/hosted-git-info/index.d.ts'
[02:00:51.994] Adding entry into typings cache: 'html-minifier' => '/Users/magcho/Library/Caches/typescript/4.3/node_modules/@types/html-minifier/index.d.ts'
[02:00:51.995] Adding entry into typings cache: 'html-minifier-terser' => '/Users/magcho/Library/Caches/typescript/4.3/node_modules/@types/html-minifier-terser/index.d.ts'
[02:00:51.996] Adding entry into typings cache: 'htmlparser2' => '/Users/magcho/Library/Caches/typescript/4.3/node_modules/@types/htmlparser2/index.d.ts'
[02:00:51.996] Adding entry into typings cache: 'http-errors' => '/Users/magcho/Library/Caches/typescript/4.3/node_modules/@types/http-errors/index.d.ts'
[02:00:51.997] Adding entry into typings cache: 'http-proxy' => '/Users/magcho/Library/Caches/typescript/4.3/node_modules/@types/http-proxy/index.d.ts'
[02:00:51.999] Adding entry into typings cache: 'icss-utils' => '/Users/magcho/Library/Caches/typescript/4.3/node_modules/@types/icss-utils/index.d.ts'
[02:00:52.000] Adding entry into typings cache: 'iferr' => '/Users/magcho/Library/Caches/typescript/4.3/node_modules/@types/iferr/index.d.ts'
[02:00:52.001] Adding entry into typings cache: 'imurmurhash' => '/Users/magcho/Library/Caches/typescript/4.3/node_modules/@types/imurmurhash/index.d.ts'
[02:00:52.002] Adding entry into typings cache: 'inherits' => '/Users/magcho/Library/Caches/typescript/4.3/node_modules/@types/inherits/index.d.ts'
[02:00:52.003] Adding entry into typings cache: 'ini' => '/Users/magcho/Library/Caches/typescript/4.3/node_modules/@types/ini/index.d.ts'
[02:00:52.006] Adding entry into typings cache: 'inquirer' => '/Users/magcho/Library/Caches/typescript/4.3/node_modules/@types/inquirer/index.d.ts'
[02:00:52.009] Adding entry into typings cache: 'interpret' => '/Users/magcho/Library/Caches/typescript/4.3/node_modules/@types/interpret/index.d.ts'
[02:00:52.010] Adding entry into typings cache: 'ip' => '/Users/magcho/Library/Caches/typescript/4.3/node_modules/@types/ip/index.d.ts'
[02:00:52.012] Adding entry into typings cache: 'is-buffer' => '/Users/magcho/Library/Caches/typescript/4.3/node_modules/@types/is-buffer/index.d.ts'
[02:00:52.015] Adding entry into typings cache: 'is-callable' => '/Users/magcho/Library/Caches/typescript/4.3/node_modules/@types/is-callable/index.d.ts'
[02:00:52.018] Adding entry into typings cache: 'is-core-module' => '/Users/magcho/Library/Caches/typescript/4.3/node_modules/@types/is-core-module/index.d.ts'
[02:00:52.019] Adding entry into typings cache: 'is-date-object' => '/Users/magcho/Library/Caches/typescript/4.3/node_modules/@types/is-date-object/index.d.ts'
[02:00:52.021] Adding entry into typings cache: 'is-glob' => '/Users/magcho/Library/Caches/typescript/4.3/node_modules/@types/is-glob/index.d.ts'
[02:00:52.022] Adding entry into typings cache: 'is-number' => '/Users/magcho/Library/Caches/typescript/4.3/node_modules/@types/is-number/index.d.ts'
[02:00:52.023] Adding entry into typings cache: 'is-regex' => '/Users/magcho/Library/Caches/typescript/4.3/node_modules/@types/is-regex/index.d.ts'
[02:00:52.024] Adding entry into typings cache: 'is-ssh' => '/Users/magcho/Library/Caches/typescript/4.3/node_modules/@types/is-ssh/index.d.ts'
[02:00:52.026] Adding entry into typings cache: 'is-typedarray' => '/Users/magcho/Library/Caches/typescript/4.3/node_modules/@types/is-typedarray/index.d.ts'
[02:00:52.027] Adding entry into typings cache: 'is-utf8' => '/Users/magcho/Library/Caches/typescript/4.3/node_modules/@types/is-utf8/index.d.ts'
[02:00:52.028] Adding entry into typings cache: 'is-windows' => '/Users/magcho/Library/Caches/typescript/4.3/node_modules/@types/is-windows/index.d.ts'
[02:00:52.030] Adding entry into typings cache: 'isarray' => '/Users/magcho/Library/Caches/typescript/4.3/node_modules/@types/isarray/index.d.ts'
[02:00:52.031] Adding entry into typings cache: 'isexe' => '/Users/magcho/Library/Caches/typescript/4.3/node_modules/@types/isexe/index.d.ts'
[02:00:52.032] Adding entry into typings cache: 'istextorbinary' => '/Users/magcho/Library/Caches/typescript/4.3/node_modules/@types/istextorbinary/index.d.ts'
[02:00:52.033] Adding entry into typings cache: 'jake' => '/Users/magcho/Library/Caches/typescript/4.3/node_modules/@types/jake/index.d.ts'
[02:00:52.034] Adding entry into typings cache: 'js-yaml' => '/Users/magcho/Library/Caches/typescript/4.3/node_modules/@types/js-yaml/index.d.ts'
[02:00:52.036] Adding entry into typings cache: 'jsesc' => '/Users/magcho/Library/Caches/typescript/4.3/node_modules/@types/jsesc/index.d.ts'
[02:00:52.038] Adding entry into typings cache: 'json-bigint' => '/Users/magcho/Library/Caches/typescript/4.3/node_modules/@types/json-bigint/index.d.ts'
[02:00:52.041] Adding entry into typings cache: 'json-parse-better-errors' => '/Users/magcho/Library/Caches/typescript/4.3/node_modules/@types/json-parse-better-errors/index.d.ts'
[02:00:52.043] Adding entry into typings cache: 'jsonfile' => '/Users/magcho/Library/Caches/typescript/4.3/node_modules/@types/jsonfile/index.d.ts'
[02:00:52.044] Adding entry into typings cache: 'jws' => '/Users/magcho/Library/Caches/typescript/4.3/node_modules/@types/jws/index.d.ts'
[02:00:52.047] Adding entry into typings cache: 'kind-of' => '/Users/magcho/Library/Caches/typescript/4.3/node_modules/@types/kind-of/index.d.ts'
[02:00:52.049] Adding entry into typings cache: 'loader-runner' => '/Users/magcho/Library/Caches/typescript/4.3/node_modules/@types/loader-runner/index.d.ts'
[02:00:52.051] Adding entry into typings cache: 'loader-utils' => '/Users/magcho/Library/Caches/typescript/4.3/node_modules/@types/loader-utils/index.d.ts'
[02:00:52.054] Adding entry into typings cache: 'lodash' => '/Users/magcho/Library/Caches/typescript/4.3/node_modules/@types/lodash/index.d.ts'
[02:00:52.055] Adding entry into typings cache: 'lodash.assign' => '/Users/magcho/Library/Caches/typescript/4.3/node_modules/@types/lodash.assign/index.d.ts'
[02:00:52.057] Adding entry into typings cache: 'lodash.camelcase' => '/Users/magcho/Library/Caches/typescript/4.3/node_modules/@types/lodash.camelcase/index.d.ts'
[02:00:52.057] Adding entry into typings cache: 'lodash.debounce' => '/Users/magcho/Library/Caches/typescript/4.3/node_modules/@types/lodash.debounce/index.d.ts'
[02:00:52.059] Adding entry into typings cache: 'lodash.difference' => '/Users/magcho/Library/Caches/typescript/4.3/node_modules/@types/lodash.difference/index.d.ts'
[02:00:52.061] Adding entry into typings cache: 'lodash.kebabcase' => '/Users/magcho/Library/Caches/typescript/4.3/node_modules/@types/lodash.kebabcase/index.d.ts'
[02:00:52.062] Adding entry into typings cache: 'lodash.memoize' => '/Users/magcho/Library/Caches/typescript/4.3/node_modules/@types/lodash.memoize/index.d.ts'
[02:00:52.063] Adding entry into typings cache: 'lodash.template' => '/Users/magcho/Library/Caches/typescript/4.3/node_modules/@types/lodash.template/index.d.ts'
[02:00:52.065] Adding entry into typings cache: 'lodash.uniq' => '/Users/magcho/Library/Caches/typescript/4.3/node_modules/@types/lodash.uniq/index.d.ts'
[02:00:52.066] Adding entry into typings cache: 'long' => '/Users/magcho/Library/Caches/typescript/4.3/node_modules/@types/long/index.d.ts'
[02:00:52.067] Adding entry into typings cache: 'lru-cache' => '/Users/magcho/Library/Caches/typescript/4.3/node_modules/@types/lru-cache/index.d.ts'
[02:00:52.068] Adding entry into typings cache: 'mem-fs' => '/Users/magcho/Library/Caches/typescript/4.3/node_modules/@types/mem-fs/index.d.ts'
[02:00:52.069] Adding entry into typings cache: 'mem-fs-editor' => '/Users/magcho/Library/Caches/typescript/4.3/node_modules/@types/mem-fs-editor/index.d.ts'
[02:00:52.071] Adding entry into typings cache: 'memory-fs' => '/Users/magcho/Library/Caches/typescript/4.3/node_modules/@types/memory-fs/index.d.ts'
[02:00:52.072] Adding entry into typings cache: 'merge-stream' => '/Users/magcho/Library/Caches/typescript/4.3/node_modules/@types/merge-stream/index.d.ts'
[02:00:52.073] Adding entry into typings cache: 'merge2' => '/Users/magcho/Library/Caches/typescript/4.3/node_modules/@types/merge2/index.d.ts'
[02:00:52.076] Adding entry into typings cache: 'micromatch' => '/Users/magcho/Library/Caches/typescript/4.3/node_modules/@types/micromatch/index.d.ts'
[02:00:52.078] Adding entry into typings cache: 'mime' => '/Users/magcho/Library/Caches/typescript/4.3/node_modules/@types/mime/index.d.ts'
[02:00:52.080] Adding entry into typings cache: 'mime-db' => '/Users/magcho/Library/Caches/typescript/4.3/node_modules/@types/mime-db/index.d.ts'
[02:00:52.081] Adding entry into typings cache: 'mime-types' => '/Users/magcho/Library/Caches/typescript/4.3/node_modules/@types/mime-types/index.d.ts'
[02:00:52.082] Adding entry into typings cache: 'minimalistic-assert' => '/Users/magcho/Library/Caches/typescript/4.3/node_modules/@types/minimalistic-assert/index.d.ts'
[02:00:52.083] Adding entry into typings cache: 'minimatch' => '/Users/magcho/Library/Caches/typescript/4.3/node_modules/@types/minimatch/index.d.ts'
[02:00:52.085] Adding entry into typings cache: 'minimist' => '/Users/magcho/Library/Caches/typescript/4.3/node_modules/@types/minimist/index.d.ts'
[02:00:52.086] Adding entry into typings cache: 'minipass' => '/Users/magcho/Library/Caches/typescript/4.3/node_modules/@types/minipass/index.d.ts'
[02:00:52.087] Adding entry into typings cache: 'minizlib' => '/Users/magcho/Library/Caches/typescript/4.3/node_modules/@types/minizlib/index.d.ts'
[02:00:52.088] Adding entry into typings cache: 'mkdirp' => '/Users/magcho/Library/Caches/typescript/4.3/node_modules/@types/mkdirp/index.d.ts'
[02:00:52.090] Adding entry into typings cache: 'moment-locales-webpack-plugin' => '/Users/magcho/Library/Caches/typescript/4.3/node_modules/@types/moment-locales-webpack-plugin/index.d.ts'
[02:00:52.091] Adding entry into typings cache: 'move-concurrently' => '/Users/magcho/Library/Caches/typescript/4.3/node_modules/@types/move-concurrently/index.d.ts'
[02:00:52.093] Adding entry into typings cache: 'ms' => '/Users/magcho/Library/Caches/typescript/4.3/node_modules/@types/ms/index.d.ts'
[02:00:52.094] Adding entry into typings cache: 'mustache' => '/Users/magcho/Library/Caches/typescript/4.3/node_modules/@types/mustache/index.d.ts'
[02:00:52.096] Adding entry into typings cache: 'mute-stream' => '/Users/magcho/Library/Caches/typescript/4.3/node_modules/@types/mute-stream/index.d.ts'
[02:00:52.098] Adding entry into typings cache: 'negotiator' => '/Users/magcho/Library/Caches/typescript/4.3/node_modules/@types/negotiator/index.d.ts'
[02:00:52.100] Adding entry into typings cache: 'next-tick' => '/Users/magcho/Library/Caches/typescript/4.3/node_modules/@types/next-tick/index.d.ts'
[02:00:52.101] Adding entry into typings cache: 'nice-try' => '/Users/magcho/Library/Caches/typescript/4.3/node_modules/@types/nice-try/index.d.ts'
[02:00:52.103] Adding entry into typings cache: 'node-fetch' => '/Users/magcho/Library/Caches/typescript/4.3/node_modules/@types/node-fetch/index.d.ts'
[02:00:52.104] Adding entry into typings cache: 'node-forge' => '/Users/magcho/Library/Caches/typescript/4.3/node_modules/@types/node-forge/index.d.ts'
[02:00:52.105] Adding entry into typings cache: 'normalize-package-data' => '/Users/magcho/Library/Caches/typescript/4.3/node_modules/@types/normalize-package-data/index.d.ts'
[02:00:52.107] Adding entry into typings cache: 'normalize-path' => '/Users/magcho/Library/Caches/typescript/4.3/node_modules/@types/normalize-path/index.d.ts'
[02:00:52.108] Adding entry into typings cache: 'num2fraction' => '/Users/magcho/Library/Caches/typescript/4.3/node_modules/@types/num2fraction/index.d.ts'
[02:00:52.109] Adding entry into typings cache: 'object-assign' => '/Users/magcho/Library/Caches/typescript/4.3/node_modules/@types/object-assign/index.d.ts'
[02:00:52.110] Adding entry into typings cache: 'object-inspect' => '/Users/magcho/Library/Caches/typescript/4.3/node_modules/@types/object-inspect/index.d.ts'
[02:00:52.111] Adding entry into typings cache: 'object-keys' => '/Users/magcho/Library/Caches/typescript/4.3/node_modules/@types/object-keys/index.d.ts'
[02:00:52.112] Adding entry into typings cache: 'object.getownpropertydescriptors' => '/Users/magcho/Library/Caches/typescript/4.3/node_modules/@types/object.getownpropertydescriptors/index.d.ts'
[02:00:52.114] Adding entry into typings cache: 'object.pick' => '/Users/magcho/Library/Caches/typescript/4.3/node_modules/@types/object.pick/index.d.ts'
[02:00:52.114] Adding entry into typings cache: 'on-finished' => '/Users/magcho/Library/Caches/typescript/4.3/node_modules/@types/on-finished/index.d.ts'
[02:00:52.115] Adding entry into typings cache: 'on-headers' => '/Users/magcho/Library/Caches/typescript/4.3/node_modules/@types/on-headers/index.d.ts'
[02:00:52.116] Adding entry into typings cache: 'once' => '/Users/magcho/Library/Caches/typescript/4.3/node_modules/@types/once/index.d.ts'
[02:00:52.117] Adding entry into typings cache: 'opener' => '/Users/magcho/Library/Caches/typescript/4.3/node_modules/@types/opener/index.d.ts'
[02:00:52.118] Adding entry into typings cache: 'optimize-css-assets-webpack-plugin' => '/Users/magcho/Library/Caches/typescript/4.3/node_modules/@types/optimize-css-assets-webpack-plugin/index.d.ts'
[02:00:52.120] Adding entry into typings cache: 'os-tmpdir' => '/Users/magcho/Library/Caches/typescript/4.3/node_modules/@types/os-tmpdir/index.d.ts'
[02:00:52.120] Adding entry into typings cache: 'pako' => '/Users/magcho/Library/Caches/typescript/4.3/node_modules/@types/pako/index.d.ts'
[02:00:52.122] Adding entry into typings cache: 'parallel-transform' => '/Users/magcho/Library/Caches/typescript/4.3/node_modules/@types/parallel-transform/index.d.ts'
[02:00:52.123] Adding entry into typings cache: 'parse-git-config' => '/Users/magcho/Library/Caches/typescript/4.3/node_modules/@types/parse-git-config/index.d.ts'
[02:00:52.123] Adding entry into typings cache: 'parse-json' => '/Users/magcho/Library/Caches/typescript/4.3/node_modules/@types/parse-json/index.d.ts'
[02:00:52.124] Adding entry into typings cache: 'parse-path' => '/Users/magcho/Library/Caches/typescript/4.3/node_modules/@types/parse-path/index.d.ts'
[02:00:52.125] Adding entry into typings cache: 'parseurl' => '/Users/magcho/Library/Caches/typescript/4.3/node_modules/@types/parseurl/index.d.ts'
[02:00:52.127] Adding entry into typings cache: 'pascalcase' => '/Users/magcho/Library/Caches/typescript/4.3/node_modules/@types/pascalcase/index.d.ts'
[02:00:52.128] Adding entry into typings cache: 'path-is-absolute' => '/Users/magcho/Library/Caches/typescript/4.3/node_modules/@types/path-is-absolute/index.d.ts'
[02:00:52.129] Adding entry into typings cache: 'path-parse' => '/Users/magcho/Library/Caches/typescript/4.3/node_modules/@types/path-parse/index.d.ts'
[02:00:52.130] Adding entry into typings cache: 'pbkdf2' => '/Users/magcho/Library/Caches/typescript/4.3/node_modules/@types/pbkdf2/index.d.ts'
[02:00:52.132] Adding entry into typings cache: 'picomatch' => '/Users/magcho/Library/Caches/typescript/4.3/node_modules/@types/picomatch/index.d.ts'
[02:00:52.133] Adding entry into typings cache: 'pify' => '/Users/magcho/Library/Caches/typescript/4.3/node_modules/@types/pify/index.d.ts'
[02:00:52.134] Adding entry into typings cache: 'postcss-calc' => '/Users/magcho/Library/Caches/typescript/4.3/node_modules/@types/postcss-calc/index.d.ts'
[02:00:52.135] Adding entry into typings cache: 'postcss-custom-properties' => '/Users/magcho/Library/Caches/typescript/4.3/node_modules/@types/postcss-custom-properties/index.d.ts'
[02:00:52.136] Adding entry into typings cache: 'postcss-focus-within' => '/Users/magcho/Library/Caches/typescript/4.3/node_modules/@types/postcss-focus-within/index.d.ts'
[02:00:52.138] Adding entry into typings cache: 'postcss-gap-properties' => '/Users/magcho/Library/Caches/typescript/4.3/node_modules/@types/postcss-gap-properties/index.d.ts'
[02:00:52.139] Adding entry into typings cache: 'postcss-import' => '/Users/magcho/Library/Caches/typescript/4.3/node_modules/@types/postcss-import/index.d.ts'
[02:00:52.140] Adding entry into typings cache: 'postcss-modules-extract-imports' => '/Users/magcho/Library/Caches/typescript/4.3/node_modules/@types/postcss-modules-extract-imports/index.d.ts'
[02:00:52.141] Adding entry into typings cache: 'postcss-modules-local-by-default' => '/Users/magcho/Library/Caches/typescript/4.3/node_modules/@types/postcss-modules-local-by-default/index.d.ts'
[02:00:52.143] Adding entry into typings cache: 'postcss-modules-scope' => '/Users/magcho/Library/Caches/typescript/4.3/node_modules/@types/postcss-modules-scope/index.d.ts'
[02:00:52.143] Adding entry into typings cache: 'postcss-modules-values' => '/Users/magcho/Library/Caches/typescript/4.3/node_modules/@types/postcss-modules-values/index.d.ts'
[02:00:52.145] Adding entry into typings cache: 'postcss-preset-env' => '/Users/magcho/Library/Caches/typescript/4.3/node_modules/@types/postcss-preset-env/index.d.ts'
[02:00:52.146] Adding entry into typings cache: 'postcss-url' => '/Users/magcho/Library/Caches/typescript/4.3/node_modules/@types/postcss-url/index.d.ts'
[02:00:52.148] Adding entry into typings cache: 'prettier' => '/Users/magcho/Library/Caches/typescript/4.3/node_modules/@types/prettier/index.d.ts'
[02:00:52.150] Adding entry into typings cache: 'pretty-time' => '/Users/magcho/Library/Caches/typescript/4.3/node_modules/@types/pretty-time/index.d.ts'
[02:00:52.151] Adding entry into typings cache: 'promise-inflight' => '/Users/magcho/Library/Caches/typescript/4.3/node_modules/@types/promise-inflight/index.d.ts'
[02:00:52.152] Adding entry into typings cache: 'promise-polyfill' => '/Users/magcho/Library/Caches/typescript/4.3/node_modules/@types/promise-polyfill/index.d.ts'
[02:00:52.153] Adding entry into typings cache: 'proper-lockfile' => '/Users/magcho/Library/Caches/typescript/4.3/node_modules/@types/proper-lockfile/index.d.ts'
[02:00:52.155] Adding entry into typings cache: 'protocols' => '/Users/magcho/Library/Caches/typescript/4.3/node_modules/@types/protocols/index.d.ts'
[02:00:52.155] Adding entry into typings cache: 'pump' => '/Users/magcho/Library/Caches/typescript/4.3/node_modules/@types/pump/index.d.ts'
[02:00:52.156] Adding entry into typings cache: 'pumpify' => '/Users/magcho/Library/Caches/typescript/4.3/node_modules/@types/pumpify/index.d.ts'
[02:00:52.158] Adding entry into typings cache: 'punycode' => '/Users/magcho/Library/Caches/typescript/4.3/node_modules/@types/punycode/index.d.ts'
[02:00:52.160] Adding entry into typings cache: 'q' => '/Users/magcho/Library/Caches/typescript/4.3/node_modules/@types/q/index.d.ts'
[02:00:52.160] Adding entry into typings cache: 'qs' => '/Users/magcho/Library/Caches/typescript/4.3/node_modules/@types/qs/index.d.ts'
[02:00:52.163] Adding entry into typings cache: 'randombytes' => '/Users/magcho/Library/Caches/typescript/4.3/node_modules/@types/randombytes/index.d.ts'
[02:00:52.164] Adding entry into typings cache: 'range-parser' => '/Users/magcho/Library/Caches/typescript/4.3/node_modules/@types/range-parser/index.d.ts'
[02:00:52.165] Adding entry into typings cache: 'readable-stream' => '/Users/magcho/Library/Caches/typescript/4.3/node_modules/@types/readable-stream/index.d.ts'
[02:00:52.166] Adding entry into typings cache: 'rechoir' => '/Users/magcho/Library/Caches/typescript/4.3/node_modules/@types/rechoir/index.d.ts'
[02:00:52.168] Adding entry into typings cache: 'regenerate' => '/Users/magcho/Library/Caches/typescript/4.3/node_modules/@types/regenerate/index.d.ts'
[02:00:52.168] Adding entry into typings cache: 'regenerator-runtime' => '/Users/magcho/Library/Caches/typescript/4.3/node_modules/@types/regenerator-runtime/index.d.ts'
[02:00:52.170] Adding entry into typings cache: 'relateurl' => '/Users/magcho/Library/Caches/typescript/4.3/node_modules/@types/relateurl/index.d.ts'
[02:00:52.171] Adding entry into typings cache: 'repeat-element' => '/Users/magcho/Library/Caches/typescript/4.3/node_modules/@types/repeat-element/index.d.ts'
[02:00:52.173] Adding entry into typings cache: 'repeat-string' => '/Users/magcho/Library/Caches/typescript/4.3/node_modules/@types/repeat-string/index.d.ts'
[02:00:52.173] Adding entry into typings cache: 'replace-ext' => '/Users/magcho/Library/Caches/typescript/4.3/node_modules/@types/replace-ext/index.d.ts'
[02:00:52.174] Adding entry into typings cache: 'requires-port' => '/Users/magcho/Library/Caches/typescript/4.3/node_modules/@types/requires-port/index.d.ts'
[02:00:52.175] Adding entry into typings cache: 'resolve' => '/Users/magcho/Library/Caches/typescript/4.3/node_modules/@types/resolve/index.d.ts'
[02:00:52.176] Adding entry into typings cache: 'retry' => '/Users/magcho/Library/Caches/typescript/4.3/node_modules/@types/retry/index.d.ts'
[02:00:52.177] Adding entry into typings cache: 'rimraf' => '/Users/magcho/Library/Caches/typescript/4.3/node_modules/@types/rimraf/index.d.ts'
[02:00:52.178] Adding entry into typings cache: 'ripemd160' => '/Users/magcho/Library/Caches/typescript/4.3/node_modules/@types/ripemd160/index.d.ts'
[02:00:52.179] Adding entry into typings cache: 'run-parallel' => '/Users/magcho/Library/Caches/typescript/4.3/node_modules/@types/run-parallel/index.d.ts'
[02:00:52.181] Adding entry into typings cache: 'safe-regex' => '/Users/magcho/Library/Caches/typescript/4.3/node_modules/@types/safe-regex/index.d.ts'
[02:00:52.182] Adding entry into typings cache: 'safer-buffer' => '/Users/magcho/Library/Caches/typescript/4.3/node_modules/@types/safer-buffer/index.d.ts'
[02:00:52.182] Adding entry into typings cache: 'sass' => '/Users/magcho/Library/Caches/typescript/4.3/node_modules/@types/sass/index.d.ts'
[02:00:52.183] Adding entry into typings cache: 'sass-loader' => '/Users/magcho/Library/Caches/typescript/4.3/node_modules/@types/sass-loader/index.d.ts'
[02:00:52.184] Adding entry into typings cache: 'sax' => '/Users/magcho/Library/Caches/typescript/4.3/node_modules/@types/sax/index.d.ts'
[02:00:52.187] Adding entry into typings cache: 'sdp-transform' => '/Users/magcho/Library/Caches/typescript/4.3/node_modules/@types/sdp-transform/index.d.ts'
[02:00:52.189] Adding entry into typings cache: 'semver' => '/Users/magcho/Library/Caches/typescript/4.3/node_modules/@types/semver/index.d.ts'
[02:00:52.190] Adding entry into typings cache: 'send' => '/Users/magcho/Library/Caches/typescript/4.3/node_modules/@types/send/index.d.ts'
[02:00:52.192] Adding entry into typings cache: 'serialize-javascript' => '/Users/magcho/Library/Caches/typescript/4.3/node_modules/@types/serialize-javascript/index.d.ts'
[02:00:52.193] Adding entry into typings cache: 'serve-static' => '/Users/magcho/Library/Caches/typescript/4.3/node_modules/@types/serve-static/index.d.ts'
[02:00:52.194] Adding entry into typings cache: 'server-destroy' => '/Users/magcho/Library/Caches/typescript/4.3/node_modules/@types/server-destroy/index.d.ts'
[02:00:52.195] Adding entry into typings cache: 'set-value' => '/Users/magcho/Library/Caches/typescript/4.3/node_modules/@types/set-value/index.d.ts'
[02:00:52.196] Adding entry into typings cache: 'setimmediate' => '/Users/magcho/Library/Caches/typescript/4.3/node_modules/@types/setimmediate/index.d.ts'
[02:00:52.196] Adding entry into typings cache: 'sha.js' => '/Users/magcho/Library/Caches/typescript/4.3/node_modules/@types/sha.js/index.d.ts'
[02:00:52.197] Adding entry into typings cache: 'shebang-command' => '/Users/magcho/Library/Caches/typescript/4.3/node_modules/@types/shebang-command/index.d.ts'
[02:00:52.198] Adding entry into typings cache: 'shell-quote' => '/Users/magcho/Library/Caches/typescript/4.3/node_modules/@types/shell-quote/index.d.ts'
[02:00:52.199] Adding entry into typings cache: 'shelljs' => '/Users/magcho/Library/Caches/typescript/4.3/node_modules/@types/shelljs/index.d.ts'
[02:00:52.200] Adding entry into typings cache: 'signal-exit' => '/Users/magcho/Library/Caches/typescript/4.3/node_modules/@types/signal-exit/index.d.ts'
[02:00:52.201] Adding entry into typings cache: 'source-list-map' => '/Users/magcho/Library/Caches/typescript/4.3/node_modules/@types/source-list-map/index.d.ts'
[02:00:52.202] Adding entry into typings cache: 'source-map-support' => '/Users/magcho/Library/Caches/typescript/4.3/node_modules/@types/source-map-support/index.d.ts'
[02:00:52.203] Adding entry into typings cache: 'spdx-correct' => '/Users/magcho/Library/Caches/typescript/4.3/node_modules/@types/spdx-correct/index.d.ts'
[02:00:52.204] Adding entry into typings cache: 'spdx-expression-parse' => '/Users/magcho/Library/Caches/typescript/4.3/node_modules/@types/spdx-expression-parse/index.d.ts'
[02:00:52.204] Adding entry into typings cache: 'split' => '/Users/magcho/Library/Caches/typescript/4.3/node_modules/@types/split/index.d.ts'
[02:00:52.205] Adding entry into typings cache: 'sprintf' => '/Users/magcho/Library/Caches/typescript/4.3/node_modules/@types/sprintf/index.d.ts'
[02:00:52.206] Adding entry into typings cache: 'sprintf-js' => '/Users/magcho/Library/Caches/typescript/4.3/node_modules/@types/sprintf-js/index.d.ts'
[02:00:52.207] Adding entry into typings cache: 'ssri' => '/Users/magcho/Library/Caches/typescript/4.3/node_modules/@types/ssri/index.d.ts'
[02:00:52.208] Adding entry into typings cache: 'stack-trace' => '/Users/magcho/Library/Caches/typescript/4.3/node_modules/@types/stack-trace/index.d.ts'
[02:00:52.209] Adding entry into typings cache: 'statuses' => '/Users/magcho/Library/Caches/typescript/4.3/node_modules/@types/statuses/index.d.ts'
[02:00:52.210] Adding entry into typings cache: 'stream-each' => '/Users/magcho/Library/Caches/typescript/4.3/node_modules/@types/stream-each/index.d.ts'
[02:00:52.211] Adding entry into typings cache: 'stream-shift' => '/Users/magcho/Library/Caches/typescript/4.3/node_modules/@types/stream-shift/index.d.ts'
[02:00:52.213] Adding entry into typings cache: 'strict-uri-encode' => '/Users/magcho/Library/Caches/typescript/4.3/node_modules/@types/strict-uri-encode/index.d.ts'
[02:00:52.214] Adding entry into typings cache: 'string-template' => '/Users/magcho/Library/Caches/typescript/4.3/node_modules/@types/string-template/index.d.ts'
[02:00:52.215] Adding entry into typings cache: 'strip-final-newline' => '/Users/magcho/Library/Caches/typescript/4.3/node_modules/@types/strip-final-newline/index.d.ts'
[02:00:52.217] Adding entry into typings cache: 'supports-color' => '/Users/magcho/Library/Caches/typescript/4.3/node_modules/@types/supports-color/index.d.ts'
[02:00:52.219] Adding entry into typings cache: 'svg-tags' => '/Users/magcho/Library/Caches/typescript/4.3/node_modules/@types/svg-tags/index.d.ts'
[02:00:52.220] Adding entry into typings cache: 'svgo' => '/Users/magcho/Library/Caches/typescript/4.3/node_modules/@types/svgo/index.d.ts'
[02:00:52.223] Adding entry into typings cache: 'tapable' => '/Users/magcho/Library/Caches/typescript/4.3/node_modules/tapable/tapable.d.ts'
[02:00:52.224] Adding entry into typings cache: 'tar' => '/Users/magcho/Library/Caches/typescript/4.3/node_modules/@types/tar/index.d.ts'
[02:00:52.225] Adding entry into typings cache: 'tar-fs' => '/Users/magcho/Library/Caches/typescript/4.3/node_modules/@types/tar-fs/index.d.ts'
[02:00:52.225] Adding entry into typings cache: 'tar-stream' => '/Users/magcho/Library/Caches/typescript/4.3/node_modules/@types/tar-stream/index.d.ts'
[02:00:52.227] Adding entry into typings cache: 'terser-webpack-plugin' => '/Users/magcho/Library/Caches/typescript/4.3/node_modules/@types/terser-webpack-plugin/index.d.ts'
[02:00:52.228] Adding entry into typings cache: 'text-table' => '/Users/magcho/Library/Caches/typescript/4.3/node_modules/@types/text-table/index.d.ts'
[02:00:52.230] Adding entry into typings cache: 'textextensions' => '/Users/magcho/Library/Caches/typescript/4.3/node_modules/@types/textextensions/index.d.ts'
[02:00:52.230] Adding entry into typings cache: 'through' => '/Users/magcho/Library/Caches/typescript/4.3/node_modules/@types/through/index.d.ts'
[02:00:52.231] Adding entry into typings cache: 'through2' => '/Users/magcho/Library/Caches/typescript/4.3/node_modules/@types/through2/index.d.ts'
[02:00:52.232] Adding entry into typings cache: 'timsort' => '/Users/magcho/Library/Caches/typescript/4.3/node_modules/@types/timsort/index.d.ts'
[02:00:52.233] Adding entry into typings cache: 'tmp' => '/Users/magcho/Library/Caches/typescript/4.3/node_modules/@types/tmp/index.d.ts'
[02:00:52.233] Adding entry into typings cache: 'ua-parser-js' => '/Users/magcho/Library/Caches/typescript/4.3/node_modules/@types/ua-parser-js/index.d.ts'
[02:00:52.234] Adding entry into typings cache: 'uglify-js' => '/Users/magcho/Library/Caches/typescript/4.3/node_modules/@types/uglify-js/index.d.ts'
[02:00:52.236] Adding entry into typings cache: 'uniq' => '/Users/magcho/Library/Caches/typescript/4.3/node_modules/@types/uniq/index.d.ts'
[02:00:52.236] Adding entry into typings cache: 'universalify' => '/Users/magcho/Library/Caches/typescript/4.3/node_modules/@types/universalify/index.d.ts'
[02:00:52.238] Adding entry into typings cache: 'urix' => '/Users/magcho/Library/Caches/typescript/4.3/node_modules/@types/urix/index.d.ts'
[02:00:52.239] Adding entry into typings cache: 'utf-8-validate' => '/Users/magcho/Library/Caches/typescript/4.3/node_modules/@types/utf-8-validate/index.d.ts'
[02:00:52.240] Adding entry into typings cache: 'util-deprecate' => '/Users/magcho/Library/Caches/typescript/4.3/node_modules/@types/util-deprecate/index.d.ts'
[02:00:52.241] Adding entry into typings cache: 'util.promisify' => '/Users/magcho/Library/Caches/typescript/4.3/node_modules/@types/util.promisify/index.d.ts'
[02:00:52.242] Adding entry into typings cache: 'utils-merge' => '/Users/magcho/Library/Caches/typescript/4.3/node_modules/@types/utils-merge/index.d.ts'
[02:00:52.243] Adding entry into typings cache: 'uuid' => '/Users/magcho/Library/Caches/typescript/4.3/node_modules/@types/uuid/index.d.ts'
[02:00:52.244] Adding entry into typings cache: 'validate-npm-package-license' => '/Users/magcho/Library/Caches/typescript/4.3/node_modules/@types/validate-npm-package-license/index.d.ts'
[02:00:52.245] Adding entry into typings cache: 'vary' => '/Users/magcho/Library/Caches/typescript/4.3/node_modules/@types/vary/index.d.ts'
[02:00:52.247] Adding entry into typings cache: 'vinyl' => '/Users/magcho/Library/Caches/typescript/4.3/node_modules/@types/vinyl/index.d.ts'
[02:00:52.248] Adding entry into typings cache: 'vinyl-file' => '/Users/magcho/Library/Caches/typescript/4.3/node_modules/@types/vinyl-file/index.d.ts'
[02:00:52.250] Adding entry into typings cache: 'watchpack' => '/Users/magcho/Library/Caches/typescript/4.3/node_modules/@types/watchpack/index.d.ts'
[02:00:52.253] Adding entry into typings cache: 'webpack' => '/Users/magcho/Library/Caches/typescript/4.3/node_modules/webpack/types.d.ts'
[02:00:52.254] Adding entry into typings cache: 'webpack-bundle-analyzer' => '/Users/magcho/Library/Caches/typescript/4.3/node_modules/@types/webpack-bundle-analyzer/index.d.ts'
[02:00:52.255] Adding entry into typings cache: 'webpack-dev-middleware' => '/Users/magcho/Library/Caches/typescript/4.3/node_modules/@types/webpack-dev-middleware/index.d.ts'
[02:00:52.256] Adding entry into typings cache: 'webpack-hot-middleware' => '/Users/magcho/Library/Caches/typescript/4.3/node_modules/@types/webpack-hot-middleware/index.d.ts'
[02:00:52.257] Adding entry into typings cache: 'webpack-node-externals' => '/Users/magcho/Library/Caches/typescript/4.3/node_modules/@types/webpack-node-externals/index.d.ts'
[02:00:52.259] Adding entry into typings cache: 'webpack-sources' => '/Users/magcho/Library/Caches/typescript/4.3/node_modules/@types/webpack-sources/index.d.ts'
[02:00:52.260] Adding entry into typings cache: 'webpackbar' => '/Users/magcho/Library/Caches/typescript/4.3/node_modules/@types/webpackbar/index.d.ts'
[02:00:52.261] Adding entry into typings cache: 'websocket' => '/Users/magcho/Library/Caches/typescript/4.3/node_modules/@types/websocket/index.d.ts'
[02:00:52.262] Adding entry into typings cache: 'which' => '/Users/magcho/Library/Caches/typescript/4.3/node_modules/@types/which/index.d.ts'
[02:00:52.263] Adding entry into typings cache: 'wrap-ansi' => '/Users/magcho/Library/Caches/typescript/4.3/node_modules/@types/wrap-ansi/index.d.ts'
[02:00:52.264] Adding entry into typings cache: 'write-file-atomic' => '/Users/magcho/Library/Caches/typescript/4.3/node_modules/@types/write-file-atomic/index.d.ts'
[02:00:52.265] Adding entry into typings cache: 'ws' => '/Users/magcho/Library/Caches/typescript/4.3/node_modules/@types/ws/index.d.ts'
[02:00:52.266] Adding entry into typings cache: 'xtend' => '/Users/magcho/Library/Caches/typescript/4.3/node_modules/@types/xtend/index.d.ts'
[02:00:52.267] Adding entry into typings cache: 'xxhashjs' => '/Users/magcho/Library/Caches/typescript/4.3/node_modules/@types/xxhashjs/index.d.ts'
[02:00:52.268] Adding entry into typings cache: 'yaeti' => '/Users/magcho/Library/Caches/typescript/4.3/node_modules/@types/yaeti/index.d.ts'
[02:00:52.268] Adding entry into typings cache: 'yallist' => '/Users/magcho/Library/Caches/typescript/4.3/node_modules/@types/yallist/index.d.ts'
[02:00:52.269] Adding entry into typings cache: 'yeoman-environment' => '/Users/magcho/Library/Caches/typescript/4.3/node_modules/@types/yeoman-environment/index.d.ts'
[02:00:52.271] Adding entry into typings cache: 'yeoman-generator' => '/Users/magcho/Library/Caches/typescript/4.3/node_modules/@types/yeoman-generator/index.d.ts'
[02:00:52.271] Finished processing cache location '/Users/magcho/Library/Caches/typescript/4.3'
[02:00:52.271] Process id: 69230
[02:00:52.271] NPM location: /Users/magcho/.fnm/node-versions/v14.17.1/installation/bin/npm (explicit '--npmLocation' not  provided)
[02:00:52.271] validateDefaultNpmLocation: false
[02:00:52.271] Npm config file: /Users/magcho/Library/Caches/typescript/4.3/package.json
[02:00:52.271] Updating types-registry npm package...
[02:00:52.272] Exec: /Users/magcho/.fnm/node-versions/v14.17.1/installation/bin/npm install --ignore-scripts types-registry@latest
[02:00:54.744]     Succeeded. stdout:
    
    up to date, audited 736 packages in 2s

16 packages are looking for funding
  run `npm fund` for details

3 moderate severity vulnerabilities

To address all issues (including breaking changes), run:
  npm audit fix --force

Run `npm audit` for details.

[02:00:54.745] Updated types-registry npm package
[02:00:54.774] Got install request {"projectName":"/dev/null/inferredProject1*","fileNames":["/Users/magcho/.fnm/node-versions/v14.17.1/installation/lib/node_modules/typescript/lib/lib.es5.d.ts","/Users/magcho/.fnm/node-versions/v14.17.1/installation/lib/node_modules/typescript/lib/lib.es2015.d.ts","/Users/magcho/.fnm/node-versions/v14.17.1/installation/lib/node_modules/typescript/lib/lib.es2016.d.ts","/Users/magcho/.fnm/node-versions/v14.17.1/installation/lib/node_modules/typescript/lib/lib.dom.d.ts","/Users/magcho/.fnm/node-versions/v14.17.1/installation/lib/node_modules/typescript/lib/lib.dom.iterable.d.ts","/Users/magcho/.fnm/node-versions/v14.17.1/installation/lib/node_modules/typescript/lib/lib.webworker.importscripts.d.ts","/Users/magcho/.fnm/node-versions/v14.17.1/installation/lib/node_modules/typescript/lib/lib.scripthost.d.ts","/Users/magcho/.fnm/node-versions/v14.17.1/installation/lib/node_modules/typescript/lib/lib.es2015.core.d.ts","/Users/magcho/.fnm/node-versions/v14.17.1/installation/lib/node_modules/typescript/lib/lib.es2015.collection.d.ts","/Users/magcho/.fnm/node-versions/v14.17.1/installation/lib/node_modules/typescript/lib/lib.es2015.generator.d.ts","/Users/magcho/.fnm/node-versions/v14.17.1/installation/lib/node_modules/typescript/lib/lib.es2015.iterable.d.ts","/Users/magcho/.fnm/node-versions/v14.17.1/installation/lib/node_modules/typescript/lib/lib.es2015.promise.d.ts","/Users/magcho/.fnm/node-versions/v14.17.1/installation/lib/node_modules/typescript/lib/lib.es2015.proxy.d.ts","/Users/magcho/.fnm/node-versions/v14.17.1/installation/lib/node_modules/typescript/lib/lib.es2015.reflect.d.ts","/Users/magcho/.fnm/node-versions/v14.17.1/installation/lib/node_modules/typescript/lib/lib.es2015.symbol.d.ts","/Users/magcho/.fnm/node-versions/v14.17.1/installation/lib/node_modules/typescript/lib/lib.es2015.symbol.wellknown.d.ts","/Users/magcho/.fnm/node-versions/v14.17.1/installation/lib/node_modules/typescript/lib/lib.es2016.array.include.d.ts","/Users/magcho/.fnm/node-versions/v14.17.1/installation/lib/node_modules/typescript/lib/lib.es2016.full.d.ts","/Users/magcho/Documents/git/teraform-tuto/ws/ecs/container_definetions.json"],"compilerOptions":{"module":1,"target":3,"jsx":1,"allowJs":true,"allowSyntheticDefaultImports":true,"allowNonTsExtensions":true,"noEmitForJsFiles":true},"typeAcquisition":{"enable":true,"include":[],"exclude":[]},"unresolvedImports":[],"projectRootPath":"/Users/magcho/Documents/git/teraform-tuto/ws/ecs","kind":"discover"}
[02:00:54.779] Loaded safelist from types map file '/users/magcho/.fnm/node-versions/v14.17.1/installation/lib/node_modules/typescript/lib/typesmap.json'
[02:00:54.780] Explicitly included types: []
[02:00:54.781] Inferred typings from unresolved imports: []
[02:00:54.781] Result: {"cachedTypingPaths":[],"newTypingNames":[],"filesToWatch":["/Users/magcho/Documents/git/teraform-tuto/ws/ecs/bower_components","/Users/magcho/Documents/git/teraform-tuto/ws/ecs/node_modules"]}
[02:00:54.781] Finished typings discovery: {"cachedTypingPaths":[],"newTypingNames":[],"filesToWatch":["/Users/magcho/Documents/git/teraform-tuto/ws/ecs/bower_components","/Users/magcho/Documents/git/teraform-tuto/ws/ecs/node_modules"]}
[02:00:54.782] DirectoryWatcher:: Added:: WatchInfo: /Users/magcho/Documents/git/teraform-tuto/ws/ecs/bower_components
[02:00:54.782] DirectoryWatcher:: Added:: WatchInfo: /Users/magcho/Documents/git/teraform-tuto/ws/ecs/bower_components 1 undefined Project: /dev/null/inferredProject1* watcher already invoked: false
[02:00:54.784] Elapsed:: 1.489509105682373ms DirectoryWatcher:: Added:: WatchInfo: /Users/magcho/Documents/git/teraform-tuto/ws/ecs/bower_components 1 undefined Project: /dev/null/inferredProject1* watcher already invoked: false
[02:00:54.784] DirectoryWatcher:: Added:: WatchInfo: /Users/magcho/Documents/git/teraform-tuto/ws/ecs/node_modules
[02:00:54.784] DirectoryWatcher:: Added:: WatchInfo: /Users/magcho/Documents/git/teraform-tuto/ws/ecs/node_modules 1 undefined Project: /dev/null/inferredProject1* watcher already invoked: false
[02:00:54.785] Elapsed:: 0.11366105079650879ms DirectoryWatcher:: Added:: WatchInfo: /Users/magcho/Documents/git/teraform-tuto/ws/ecs/node_modules 1 undefined Project: /dev/null/inferredProject1* watcher already invoked: false
[02:00:54.785] Sending response:
    {"projectName":"/dev/null/inferredProject1*","typeAcquisition":{"enable":true,"include":[],"exclude":[]},"compilerOptions":{"module":1,"target":3,"jsx":1,"allowJs":true,"allowSyntheticDefaultImports":true,"allowNonTsExtensions":true,"noEmitForJsFiles":true},"typings":[],"unresolvedImports":[],"kind":"action::set"}
[02:00:54.785] Response has been sent.
[02:00:54.785] No new typings were requested as a result of typings discovery
[02:39:34.325] Got install request {"projectName":"/dev/null/inferredProject1*","fileNames":["/Users/magcho/.fnm/node-versions/v14.17.1/installation/lib/node_modules/typescript/lib/lib.es5.d.ts","/Users/magcho/.fnm/node-versions/v14.17.1/installation/lib/node_modules/typescript/lib/lib.es2015.d.ts","/Users/magcho/.fnm/node-versions/v14.17.1/installation/lib/node_modules/typescript/lib/lib.es2016.d.ts","/Users/magcho/.fnm/node-versions/v14.17.1/installation/lib/node_modules/typescript/lib/lib.dom.d.ts","/Users/magcho/.fnm/node-versions/v14.17.1/installation/lib/node_modules/typescript/lib/lib.dom.iterable.d.ts","/Users/magcho/.fnm/node-versions/v14.17.1/installation/lib/node_modules/typescript/lib/lib.webworker.importscripts.d.ts","/Users/magcho/.fnm/node-versions/v14.17.1/installation/lib/node_modules/typescript/lib/lib.scripthost.d.ts","/Users/magcho/.fnm/node-versions/v14.17.1/installation/lib/node_modules/typescript/lib/lib.es2015.core.d.ts","/Users/magcho/.fnm/node-versions/v14.17.1/installation/lib/node_modules/typescript/lib/lib.es2015.collection.d.ts","/Users/magcho/.fnm/node-versions/v14.17.1/installation/lib/node_modules/typescript/lib/lib.es2015.generator.d.ts","/Users/magcho/.fnm/node-versions/v14.17.1/installation/lib/node_modules/typescript/lib/lib.es2015.iterable.d.ts","/Users/magcho/.fnm/node-versions/v14.17.1/installation/lib/node_modules/typescript/lib/lib.es2015.promise.d.ts","/Users/magcho/.fnm/node-versions/v14.17.1/installation/lib/node_modules/typescript/lib/lib.es2015.proxy.d.ts","/Users/magcho/.fnm/node-versions/v14.17.1/installation/lib/node_modules/typescript/lib/lib.es2015.reflect.d.ts","/Users/magcho/.fnm/node-versions/v14.17.1/installation/lib/node_modules/typescript/lib/lib.es2015.symbol.d.ts","/Users/magcho/.fnm/node-versions/v14.17.1/installation/lib/node_modules/typescript/lib/lib.es2015.symbol.wellknown.d.ts","/Users/magcho/.fnm/node-versions/v14.17.1/installation/lib/node_modules/typescript/lib/lib.es2016.array.include.d.ts","/Users/magcho/.fnm/node-versions/v14.17.1/installation/lib/node_modules/typescript/lib/lib.es2016.full.d.ts","/Users/magcho/Documents/git/teraform-tuto/ws/ecs/container_definetions.json"],"compilerOptions":{"module":1,"target":3,"jsx":1,"allowJs":true,"allowSyntheticDefaultImports":true,"allowNonTsExtensions":true,"noEmitForJsFiles":true},"typeAcquisition":{"enable":true,"include":[],"exclude":[]},"unresolvedImports":[],"projectRootPath":"/Users/magcho/Documents/git/teraform-tuto/ws/ecs","kind":"discover"}
[02:39:34.327] Explicitly included types: []
[02:39:34.328] Inferred typings from unresolved imports: []
[02:39:34.328] Result: {"cachedTypingPaths":[],"newTypingNames":[],"filesToWatch":["/Users/magcho/Documents/git/teraform-tuto/ws/ecs/bower_components","/Users/magcho/Documents/git/teraform-tuto/ws/ecs/node_modules"]}
[02:39:34.329] Finished typings discovery: {"cachedTypingPaths":[],"newTypingNames":[],"filesToWatch":["/Users/magcho/Documents/git/teraform-tuto/ws/ecs/bower_components","/Users/magcho/Documents/git/teraform-tuto/ws/ecs/node_modules"]}
[02:39:34.329] Sending response:
    {"projectName":"/dev/null/inferredProject1*","typeAcquisition":{"enable":true,"include":[],"exclude":[]},"compilerOptions":{"module":1,"target":3,"jsx":1,"allowJs":true,"allowSyntheticDefaultImports":true,"allowNonTsExtensions":true,"noEmitForJsFiles":true},"typings":[],"unresolvedImports":[],"kind":"action::set"}
[02:39:34.330] Response has been sent.
[02:39:34.330] No new typings were requested as a result of typings discovery
[15:44:57.191] Got install request {"projectName":"/dev/null/inferredProject1*","fileNames":["/Users/magcho/.fnm/node-versions/v14.17.1/installation/lib/node_modules/typescript/lib/lib.es5.d.ts","/Users/magcho/.fnm/node-versions/v14.17.1/installation/lib/node_modules/typescript/lib/lib.es2015.d.ts","/Users/magcho/.fnm/node-versions/v14.17.1/installation/lib/node_modules/typescript/lib/lib.es2016.d.ts","/Users/magcho/.fnm/node-versions/v14.17.1/installation/lib/node_modules/typescript/lib/lib.dom.d.ts","/Users/magcho/.fnm/node-versions/v14.17.1/installation/lib/node_modules/typescript/lib/lib.dom.iterable.d.ts","/Users/magcho/.fnm/node-versions/v14.17.1/installation/lib/node_modules/typescript/lib/lib.webworker.importscripts.d.ts","/Users/magcho/.fnm/node-versions/v14.17.1/installation/lib/node_modules/typescript/lib/lib.scripthost.d.ts","/Users/magcho/.fnm/node-versions/v14.17.1/installation/lib/node_modules/typescript/lib/lib.es2015.core.d.ts","/Users/magcho/.fnm/node-versions/v14.17.1/installation/lib/node_modules/typescript/lib/lib.es2015.collection.d.ts","/Users/magcho/.fnm/node-versions/v14.17.1/installation/lib/node_modules/typescript/lib/lib.es2015.generator.d.ts","/Users/magcho/.fnm/node-versions/v14.17.1/installation/lib/node_modules/typescript/lib/lib.es2015.iterable.d.ts","/Users/magcho/.fnm/node-versions/v14.17.1/installation/lib/node_modules/typescript/lib/lib.es2015.promise.d.ts","/Users/magcho/.fnm/node-versions/v14.17.1/installation/lib/node_modules/typescript/lib/lib.es2015.proxy.d.ts","/Users/magcho/.fnm/node-versions/v14.17.1/installation/lib/node_modules/typescript/lib/lib.es2015.reflect.d.ts","/Users/magcho/.fnm/node-versions/v14.17.1/installation/lib/node_modules/typescript/lib/lib.es2015.symbol.d.ts","/Users/magcho/.fnm/node-versions/v14.17.1/installation/lib/node_modules/typescript/lib/lib.es2015.symbol.wellknown.d.ts","/Users/magcho/.fnm/node-versions/v14.17.1/installation/lib/node_modules/typescript/lib/lib.es2016.array.include.d.ts","/Users/magcho/.fnm/node-versions/v14.17.1/installation/lib/node_modules/typescript/lib/lib.es2016.full.d.ts","/Users/magcho/Documents/git/teraform-tuto/ws/ecs/container_definetions.json"],"compilerOptions":{"module":1,"target":3,"jsx":1,"allowJs":true,"allowSyntheticDefaultImports":true,"allowNonTsExtensions":true,"noEmitForJsFiles":true},"typeAcquisition":{"enable":true,"include":[],"exclude":[]},"unresolvedImports":[],"projectRootPath":"/Users/magcho/Documents/git/teraform-tuto/ws/ecs","kind":"discover"}
[15:44:57.195] Explicitly included types: []
[15:44:57.196] Inferred typings from unresolved imports: []
[15:44:57.198] Result: {"cachedTypingPaths":[],"newTypingNames":[],"filesToWatch":["/Users/magcho/Documents/git/teraform-tuto/ws/ecs/bower_components","/Users/magcho/Documents/git/teraform-tuto/ws/ecs/node_modules"]}
[15:44:57.198] Finished typings discovery: {"cachedTypingPaths":[],"newTypingNames":[],"filesToWatch":["/Users/magcho/Documents/git/teraform-tuto/ws/ecs/bower_components","/Users/magcho/Documents/git/teraform-tuto/ws/ecs/node_modules"]}
[15:44:57.201] Sending response:
    {"projectName":"/dev/null/inferredProject1*","typeAcquisition":{"enable":true,"include":[],"exclude":[]},"compilerOptions":{"module":1,"target":3,"jsx":1,"allowJs":true,"allowSyntheticDefaultImports":true,"allowNonTsExtensions":true,"noEmitForJsFiles":true},"typings":[],"unresolvedImports":[],"kind":"action::set"}
[15:44:57.202] Response has been sent.
[15:44:57.202] No new typings were requested as a result of typings discovery
